Build started 2/28/2015 5:38:04 PM.
     1>Project "\\warehouse2.seasad.wustl.edu\home\jinglu\My Documents\Visual Studio 2013\Projects\SequentialContainer\SequentialContainer\SequentialContainer.vcxproj" on node 2 (Build target(s)).
     1>ClCompile:
         C:\Program Files (x86)\Microsoft Visual Studio 12.0\VC\bin\CL.exe /c /ZI /nologo /W3 /WX- /sdl /Od /Oy- /D WIN32 /D _DEBUG /D _CONSOLE /D _LIB /D _UNICODE /D UNICODE /Gm /EHsc /RTC1 /MDd /GS /fp:precise /Zc:wchar_t /Zc:forScope /Yu"stdafx.h" /Fp"Debug\SequentialContainer.pch" /Fo"Debug\\" /Fd"Debug\vc120.pdb" /Gd /TP /analyze- /errorReport:prompt SequentialContainer.cpp
         SequentialContainer.cpp
     1>\\warehouse2.seasad.wustl.edu\home\jinglu\my documents\visual studio 2013\projects\sequentialcontainer\sequentialcontainer\sequentialcontainer.cpp(114): error C3861: 'passContainer': identifier not found
     1>Done Building Project "\\warehouse2.seasad.wustl.edu\home\jinglu\My Documents\Visual Studio 2013\Projects\SequentialContainer\SequentialContainer\SequentialContainer.vcxproj" (Build target(s)) -- FAILED.

Build FAILED.

Time Elapsed 00:00:00.57
