Build started 4/24/2015 10:15:05 PM.
     1>Project "\\warehouse2.seasad.wustl.edu\home\zengpeiyun\winprofile\desktop\two_AdvancedTools\Template_ 1\Template_ 1\Template_ 1.vcxproj" on node 2 (Build target(s)).
     1>ClCompile:
         C:\Program Files (x86)\Microsoft Visual Studio 12.0\VC\bin\CL.exe /c /ZI /nologo /W3 /WX- /sdl /Od /Oy- /D WIN32 /D _DEBUG /D _CONSOLE /D _LIB /D _UNICODE /D UNICODE /Gm /EHsc /RTC1 /MDd /GS /fp:precise /Zc:wchar_t /Zc:forScope /Yu"stdafx.h" /Fp"Debug\Template_ 1.pch" /Fo"Debug\\" /Fd"Debug\vc120.pdb" /Gd /TP /analyze- /errorReport:prompt "Template_ 1.cpp"
         Template_ 1.cpp
     1>\\warehouse2.seasad.wustl.edu\home\zengpeiyun\winprofile\desktop\two_advancedtools\template_ 1\template_ 1\template_ 1.cpp(59): warning C4930: 'myS<int> s2(void)': prototyped function not called (was a variable definition intended?)
       Link:
         C:\Program Files (x86)\Microsoft Visual Studio 12.0\VC\bin\link.exe /ERRORREPORT:PROMPT /OUT:"\\warehouse2.seasad.wustl.edu\home\zengpeiyun\winprofile\desktop\two_AdvancedTools\Template_ 1\Debug\Template_ 1.exe" /INCREMENTAL /NOLOGO kernel32.lib user32.lib gdi32.lib winspool.lib comdlg32.lib advapi32.lib shell32.lib ole32.lib oleaut32.lib uuid.lib odbc32.lib odbccp32.lib /MANIFEST /MANIFESTUAC:"level='asInvoker' uiAccess='false'" /manifest:embed /DEBUG /PDB:"\\warehouse2.seasad.wustl.edu\home\zengpeiyun\winprofile\desktop\two_AdvancedTools\Template_ 1\Debug\Template_ 1.pdb" /SUBSYSTEM:CONSOLE /TLBID:1 /DYNAMICBASE /NXCOMPAT /IMPLIB:"\\warehouse2.seasad.wustl.edu\home\zengpeiyun\winprofile\desktop\two_AdvancedTools\Template_ 1\Debug\Template_ 1.lib" /MACHINE:X86 Debug\stdafx.obj
         "Debug\Template_ 1.obj"
     1>Template_ 1.obj : error LNK2019: unresolved external symbol "struct myS<int> __cdecl s1(void)" (?s1@@YA?AU?$myS@H@@XZ) referenced in function _main
     1>\\warehouse2.seasad.wustl.edu\home\zengpeiyun\winprofile\desktop\two_AdvancedTools\Template_ 1\Debug\Template_ 1.exe : fatal error LNK1120: 1 unresolved externals
     1>Done Building Project "\\warehouse2.seasad.wustl.edu\home\zengpeiyun\winprofile\desktop\two_AdvancedTools\Template_ 1\Template_ 1\Template_ 1.vcxproj" (Build target(s)) -- FAILED.

Build FAILED.

Time Elapsed 00:00:00.95
